<?xml version="1.0" encoding="UTF-8"?>
<!-- Generated by org.testng.reporters.JUnitReportReporter -->
<testsuite skipped="0" hostname="DESKTOP-OFGMGP5" name="checkBasics.CheckBasicsTestNG" tests="2" failures="0" timestamp="2020-08-06T20:53:03 IST" time="0.026" errors="0">
  <testcase name="testBrowser" time="0.022" classname="checkBasics.CheckBasicsTestNG"/>
  <system-out/>
  <testcase name="testNc" time="0.004" classname="checkBasics.CheckBasicsTestNG"/>
  <system-out/>
</testsuite> <!-- checkBasics.CheckBasicsTestNG -->
